  [1m[36m (1.5ms)[0m  [1mCREATE TABLE "schema_migrations" ("version" varchar NOT NULL) [0m
  [1m[35m (0.8ms)[0m  select sqlite_version(*)
  [1m[36m (1.0ms)[0m  [1mCREATE UNIQUE INDEX "unique_schema_migrations" ON "schema_migrations" ("version")[0m
  [1m[35mActiveRecord::SchemaMigration Load (0.1ms)[0m  SELECT "schema_migrations".* FROM "schema_migrations"
Migrating to CreateUsers (20151103230358)
  [1m[36m (0.1ms)[0m  [1mbegin transaction[0m
  [1m[35m (0.5ms)[0m  CREATE TABLE "users" ("id" INTEGER PRIMARY KEY AUTOINCREMENT NOT NULL, "name" varchar, "email" varchar, "password" varchar, "password_digest" varchar, "created_at" datetime NOT NULL, "updated_at" datetime NOT NULL) 
  [1m[36mSQL (0.2ms)[0m  [1mINSERT INTO "schema_migrations" ("version") VALUES (?)[0m  [["version", "20151103230358"]]
  [1m[35m (0.9ms)[0m  commit transaction
Migrating to CreateQuestions (20151104003005)
  [1m[36m (0.1ms)[0m  [1mbegin transaction[0m
  [1m[35m (0.4ms)[0m  CREATE TABLE "questions" ("id" INTEGER PRIMARY KEY AUTOINCREMENT NOT NULL, "title" varchar, "description" text, "created_at" datetime NOT NULL, "updated_at" datetime NOT NULL) 
  [1m[36mSQL (0.1ms)[0m  [1mINSERT INTO "schema_migrations" ("version") VALUES (?)[0m  [["version", "20151104003005"]]
  [1m[35m (0.9ms)[0m  commit transaction
Migrating to CreateAnswers (20151104003423)
  [1m[36m (0.1ms)[0m  [1mbegin transaction[0m
  [1m[35m (0.4ms)[0m  CREATE TABLE "answers" ("id" INTEGER PRIMARY KEY AUTOINCREMENT NOT NULL, "response" text, "question_id" integer, "created_at" datetime NOT NULL, "updated_at" datetime NOT NULL) 
  [1m[36m (0.1ms)[0m  [1mCREATE  INDEX "index_answers_on_question_id" ON "answers" ("question_id")[0m
  [1m[35mSQL (0.1ms)[0m  INSERT INTO "schema_migrations" ("version") VALUES (?)  [["version", "20151104003423"]]
  [1m[36m (1.0ms)[0m  [1mcommit transaction[0m
Migrating to AddUserToQuestions (20151104112621)
  [1m[35m (0.1ms)[0m  begin transaction
  [1m[36m (0.4ms)[0m  [1mALTER TABLE "questions" ADD "user_id" integer[0m
  [1m[35m (0.2ms)[0m  CREATE  INDEX "index_questions_on_user_id" ON "questions" ("user_id")
  [1m[36mSQL (0.1ms)[0m  [1mINSERT INTO "schema_migrations" ("version") VALUES (?)[0m  [["version", "20151104112621"]]
  [1m[35m (0.9ms)[0m  commit transaction
Migrating to AddUserToAnswers (20151104151144)
  [1m[36m (0.1ms)[0m  [1mbegin transaction[0m
  [1m[35m (0.4ms)[0m  ALTER TABLE "answers" ADD "user_id" integer
  [1m[36m (0.1ms)[0m  [1m            SELECT sql
            FROM sqlite_master
            WHERE name='index_answers_on_question_id' AND type='index'
            UNION ALL
            SELECT sql
            FROM sqlite_temp_master
            WHERE name='index_answers_on_question_id' AND type='index'
[0m
  [1m[35m (0.1ms)[0m  CREATE  INDEX "index_answers_on_user_id" ON "answers" ("user_id")
  [1m[36mSQL (0.2ms)[0m  [1mINSERT INTO "schema_migrations" ("version") VALUES (?)[0m  [["version", "20151104151144"]]
  [1m[35m (1.1ms)[0m  commit transaction
Migrating to CreateVotes (20151109195133)
  [1m[36m (0.1ms)[0m  [1mbegin transaction[0m
  [1m[35m (0.4ms)[0m  CREATE TABLE "votes" ("id" INTEGER PRIMARY KEY AUTOINCREMENT NOT NULL, "answer_id" integer, "created_at" datetime NOT NULL, "updated_at" datetime NOT NULL) 
  [1m[36mSQL (0.1ms)[0m  [1mINSERT INTO "schema_migrations" ("version") VALUES (?)[0m  [["version", "20151109195133"]]
  [1m[35m (1.1ms)[0m  commit transaction
Migrating to CreateTags (20151111204015)
  [1m[36m (0.1ms)[0m  [1mbegin transaction[0m
  [1m[35m (0.4ms)[0m  CREATE TABLE "tags" ("id" INTEGER PRIMARY KEY AUTOINCREMENT NOT NULL, "name" varchar, "created_at" datetime NOT NULL, "updated_at" datetime NOT NULL) 
  [1m[36mSQL (0.2ms)[0m  [1mINSERT INTO "schema_migrations" ("version") VALUES (?)[0m  [["version", "20151111204015"]]
  [1m[35m (0.9ms)[0m  commit transaction
Migrating to CreateTaggings (20151111204205)
  [1m[36m (0.1ms)[0m  [1mbegin transaction[0m
  [1m[35m (0.4ms)[0m  CREATE TABLE "taggings" ("id" INTEGER PRIMARY KEY AUTOINCREMENT NOT NULL, "tag_id" integer, "question_id" integer, "created_at" datetime NOT NULL, "updated_at" datetime NOT NULL) 
  [1m[36m (0.1ms)[0m  [1mCREATE  INDEX "index_taggings_on_tag_id" ON "taggings" ("tag_id")[0m
  [1m[35m (0.1ms)[0m              SELECT sql
            FROM sqlite_master
            WHERE name='index_taggings_on_tag_id' AND type='index'
            UNION ALL
            SELECT sql
            FROM sqlite_temp_master
            WHERE name='index_taggings_on_tag_id' AND type='index'

  [1m[36m (0.2ms)[0m  [1mCREATE  INDEX "index_taggings_on_question_id" ON "taggings" ("question_id")[0m
  [1m[35mSQL (0.1ms)[0m  INSERT INTO "schema_migrations" ("version") VALUES (?)  [["version", "20151111204205"]]
  [1m[36m (1.0ms)[0m  [1mcommit transaction[0m
  [1m[35mActiveRecord::SchemaMigration Load (0.2ms)[0m  SELECT "schema_migrations".* FROM "schema_migrations"
  [1m[36m (0.2ms)[0m  [1m            SELECT sql
            FROM sqlite_master
            WHERE name='index_answers_on_user_id' AND type='index'
            UNION ALL
            SELECT sql
            FROM sqlite_temp_master
            WHERE name='index_answers_on_user_id' AND type='index'
[0m
  [1m[35m (0.1ms)[0m              SELECT sql
            FROM sqlite_master
            WHERE name='index_answers_on_question_id' AND type='index'
            UNION ALL
            SELECT sql
            FROM sqlite_temp_master
            WHERE name='index_answers_on_question_id' AND type='index'

  [1m[36m (0.2ms)[0m  [1m            SELECT sql
            FROM sqlite_master
            WHERE name='index_questions_on_user_id' AND type='index'
            UNION ALL
            SELECT sql
            FROM sqlite_temp_master
            WHERE name='index_questions_on_user_id' AND type='index'
[0m
  [1m[35m (0.2ms)[0m              SELECT sql
            FROM sqlite_master
            WHERE name='index_taggings_on_question_id' AND type='index'
            UNION ALL
            SELECT sql
            FROM sqlite_temp_master
            WHERE name='index_taggings_on_question_id' AND type='index'

  [1m[36m (0.1ms)[0m  [1m            SELECT sql
            FROM sqlite_master
            WHERE name='index_taggings_on_tag_id' AND type='index'
            UNION ALL
            SELECT sql
            FROM sqlite_temp_master
            WHERE name='index_taggings_on_tag_id' AND type='index'
[0m


Started GET "/" for ::1 at 2015-11-12 18:25:10 -0500
  [1m[36mActiveRecord::SchemaMigration Load (0.7ms)[0m  [1mSELECT "schema_migrations".* FROM "schema_migrations"[0m
Processing by LessonsController#main as HTML
  Rendered lessons/main.html.erb within layouts/application (2.5ms)
Completed 200 OK in 2308ms (Views: 2295.0ms | ActiveRecord: 0.0ms)


Started GET "/assets/answers.self-877aef30ae1b040ab8a3aba4e3e309a11d7f2612f44dde450b5c157aa5f95c05.js?body=1" for ::1 at 2015-11-12 18:25:13 -0500


Started GET "/assets/application.self-8cfd4d085099b8ef1cfd29b33572462373e9968dbe673224a790e5d97c547534.css?body=1" for ::1 at 2015-11-12 18:25:13 -0500


Started GET "/assets/questions.self-877aef30ae1b040ab8a3aba4e3e309a11d7f2612f44dde450b5c157aa5f95c05.js?body=1" for ::1 at 2015-11-12 18:25:13 -0500


Started GET "/assets/users.self-877aef30ae1b040ab8a3aba4e3e309a11d7f2612f44dde450b5c157aa5f95c05.js?body=1" for ::1 at 2015-11-12 18:25:13 -0500


Started GET "/" for ::1 at 2015-11-12 18:25:13 -0500
Processing by LessonsController#main as HTML
  Rendered lessons/main.html.erb within layouts/application (0.2ms)
Completed 200 OK in 142ms (Views: 140.5ms | ActiveRecord: 0.0ms)


Started GET "/forum" for ::1 at 2015-11-12 18:25:18 -0500
Processing by QuestionsController#index as HTML
  [1m[35mTag Load (0.5ms)[0m  SELECT tags.*, count(taggings.tag_id) as count FROM "tags" INNER JOIN "taggings" ON "taggings"."tag_id" = "tags"."id" GROUP BY taggings.tag_id
  [1m[36mQuestion Load (0.5ms)[0m  [1mSELECT "questions".* FROM "questions"[0m
  Rendered questions/index.html.erb within layouts/application (25.1ms)
Completed 200 OK in 136ms (Views: 120.8ms | ActiveRecord: 1.5ms)


Started GET "/login" for ::1 at 2015-11-12 18:25:46 -0500
Processing by SessionsController#new as HTML
  Rendered sessions/new.html.erb within layouts/application (1.2ms)
Completed 200 OK in 117ms (Views: 116.0ms | ActiveRecord: 0.0ms)


Started POST "/login" for ::1 at 2015-11-12 18:25:49 -0500
Processing by SessionsController#create as HTML
  Parameters: {"utf8"=>"✓", "authenticity_token"=>"aUdYnTB/HhOC57r+JffNyTwrHMNeQTMlTRTsrVlaNvueM8MfvdVV8B2DR1ET/80wQw7mnnHApKn9aSyYN07tqw==", "email"=>"biancapadilla", "password"=>"[FILTERED]", "commit"=>"Submit"}
  [1m[35mUser Load (0.8ms)[0m  SELECT  "users".* FROM "users" WHERE "users"."email" = ? LIMIT 1  [["email", "biancapadilla"]]
Redirected to http://localhost:3000/login
Completed 302 Found in 76ms (ActiveRecord: 1.6ms)


Started GET "/login" for ::1 at 2015-11-12 18:25:49 -0500
Processing by SessionsController#new as HTML
  Rendered sessions/new.html.erb within layouts/application (4.1ms)
Completed 200 OK in 161ms (Views: 158.3ms | ActiveRecord: 0.0ms)


Started GET "/signup" for ::1 at 2015-11-12 18:25:53 -0500
Processing by UsersController#new as HTML
  Rendered users/new.html.erb within layouts/application (14.3ms)
Completed 200 OK in 127ms (Views: 125.3ms | ActiveRecord: 0.0ms)


Started POST "/users" for ::1 at 2015-11-12 18:26:01 -0500
Processing by UsersController#create as HTML
  Parameters: {"utf8"=>"✓", "authenticity_token"=>"VvbLL+yHHfYPG77xLNTl1AxDq2HIAGRkFuEFcLbgwxKhglCtYS1WFZB/Q14a3OUtc2ZRPOeB8+imnMVF2PQYQg==", "user"=>{"name"=>"bianca", "email"=>"padilla@gmail.com", "password"=>"[FILTERED]", "password_confirmation"=>"[FILTERED]"}, "commit"=>"Submit"}
  [1m[36m (0.2ms)[0m  [1mbegin transaction[0m
  [1m[35mSQL (1.0ms)[0m  INSERT INTO "users" ("name", "email", "password_digest", "created_at", "updated_at") VALUES (?, ?, ?, ?, ?)  [["name", "bianca"], ["email", "padilla@gmail.com"], ["password_digest", "$2a$10$f/BDITn6mNvtTxLG.sZxkeE8utyJ8scWCpA.Cy6je38Mv3BmymMWS"], ["created_at", "2015-11-12 23:26:01.445844"], ["updated_at", "2015-11-12 23:26:01.445844"]]
  [1m[36m (0.9ms)[0m  [1mcommit transaction[0m
Redirected to http://localhost:3000/
Completed 302 Found in 101ms (ActiveRecord: 2.2ms)


Started GET "/" for ::1 at 2015-11-12 18:26:01 -0500
Processing by LessonsController#main as HTML
  Rendered lessons/main.html.erb within layouts/application (0.3ms)
  [1m[35mUser Load (0.3ms)[0m  SELECT  "users".* FROM "users" WHERE "users"."id" = ? LIMIT 1  [["id", 1]]
Completed 200 OK in 109ms (Views: 107.4ms | ActiveRecord: 0.3ms)


Started GET "/" for ::1 at 2015-11-12 18:26:01 -0500
Processing by LessonsController#main as HTML
  Rendered lessons/main.html.erb within layouts/application (0.2ms)
  [1m[36mUser Load (0.1ms)[0m  [1mSELECT  "users".* FROM "users" WHERE "users"."id" = ? LIMIT 1[0m  [["id", 1]]
Completed 200 OK in 140ms (Views: 139.5ms | ActiveRecord: 0.1ms)


Started GET "/forum" for ::1 at 2015-11-12 18:26:10 -0500
Processing by QuestionsController#index as HTML
  [1m[35mUser Load (0.2ms)[0m  SELECT  "users".* FROM "users" WHERE "users"."id" = ? LIMIT 1  [["id", 1]]
  [1m[36mTag Load (0.2ms)[0m  [1mSELECT tags.*, count(taggings.tag_id) as count FROM "tags" INNER JOIN "taggings" ON "taggings"."tag_id" = "tags"."id" GROUP BY taggings.tag_id[0m
  [1m[35mQuestion Load (0.1ms)[0m  SELECT "questions".* FROM "questions"
  Rendered questions/index.html.erb within layouts/application (2.1ms)
Completed 200 OK in 112ms (Views: 109.4ms | ActiveRecord: 0.5ms)


Started GET "/questions/new" for ::1 at 2015-11-12 18:26:12 -0500
Processing by QuestionsController#new as HTML
  Rendered questions/new.html.erb within layouts/application (41.9ms)
  [1m[36mUser Load (0.1ms)[0m  [1mSELECT  "users".* FROM "users" WHERE "users"."id" = ? LIMIT 1[0m  [["id", 1]]
Completed 200 OK in 162ms (Views: 155.8ms | ActiveRecord: 0.5ms)


Started POST "/questions" for ::1 at 2015-11-12 18:26:17 -0500
Processing by QuestionsController#create as HTML
  Parameters: {"utf8"=>"✓", "authenticity_token"=>"fLOHHXCceVKSIXS0/aJENRuUUUbdNseng+5/qKdEN8WLxxyf/TYysQ1FiRvLqkTMZLGrG/K3UCszk7+dyVDslQ==", "question"=>{"title"=>"adsfasdf", "description"=>"adsfasdfasdf", "tag_list"=>""}, "commit"=>"Create Question"}
  [1m[35mUser Load (0.1ms)[0m  SELECT  "users".* FROM "users" WHERE "users"."id" = ? LIMIT 1  [["id", 1]]
  [1m[36m (0.1ms)[0m  [1mbegin transaction[0m
  [1m[35mSQL (0.8ms)[0m  INSERT INTO "questions" ("title", "description", "user_id", "created_at", "updated_at") VALUES (?, ?, ?, ?, ?)  [["title", "adsfasdf"], ["description", "adsfasdfasdf"], ["user_id", 1], ["created_at", "2015-11-12 23:26:17.126582"], ["updated_at", "2015-11-12 23:26:17.126582"]]
  [1m[36m (1.3ms)[0m  [1mcommit transaction[0m
Redirected to http://localhost:3000/questions/1
Completed 302 Found in 18ms (ActiveRecord: 2.4ms)


Started GET "/questions/1" for ::1 at 2015-11-12 18:26:17 -0500
Processing by QuestionsController#show as HTML
  Parameters: {"id"=>"1"}
  [1m[35mQuestion Load (0.6ms)[0m  SELECT  "questions".* FROM "questions" WHERE "questions"."id" = ? LIMIT 1  [["id", 1]]
  [1m[36mTag Load (0.8ms)[0m  [1mSELECT "tags".* FROM "tags" INNER JOIN "taggings" ON "tags"."id" = "taggings"."tag_id" WHERE "taggings"."question_id" = ?[0m  [["question_id", 1]]
  [1m[35mAnswer Load (0.7ms)[0m  SELECT "answers".* FROM "answers" WHERE "answers"."question_id" = ?  [["question_id", 1]]
  [1m[36mUser Load (0.1ms)[0m  [1mSELECT  "users".* FROM "users" WHERE "users"."id" = ? LIMIT 1[0m  [["id", 1]]
  [1m[35mCACHE (0.0ms)[0m  SELECT  "users".* FROM "users" WHERE "users"."id" = ? LIMIT 1  [["id", 1]]
  Rendered questions/show.html.erb within layouts/application (14.7ms)
Completed 200 OK in 136ms (Views: 130.7ms | ActiveRecord: 2.5ms)


Started GET "/questions" for ::1 at 2015-11-12 18:26:18 -0500
Processing by QuestionsController#index as HTML
  [1m[36mUser Load (0.1ms)[0m  [1mSELECT  "users".* FROM "users" WHERE "users"."id" = ? LIMIT 1[0m  [["id", 1]]
  [1m[35mTag Load (0.2ms)[0m  SELECT tags.*, count(taggings.tag_id) as count FROM "tags" INNER JOIN "taggings" ON "taggings"."tag_id" = "tags"."id" GROUP BY taggings.tag_id
  [1m[36mQuestion Load (0.1ms)[0m  [1mSELECT "questions".* FROM "questions"[0m
  [1m[35mCACHE (0.0ms)[0m  SELECT  "users".* FROM "users" WHERE "users"."id" = ? LIMIT 1  [["id", 1]]
  [1m[36mTag Load (0.1ms)[0m  [1mSELECT "tags".* FROM "tags" INNER JOIN "taggings" ON "tags"."id" = "taggings"."tag_id" WHERE "taggings"."question_id" = ?[0m  [["question_id", 1]]
  Rendered questions/index.html.erb within layouts/application (5.1ms)
Completed 200 OK in 123ms (Views: 121.3ms | ActiveRecord: 0.6ms)


Started GET "/" for ::1 at 2015-11-12 18:26:25 -0500
Processing by LessonsController#main as HTML
  Rendered lessons/main.html.erb within layouts/application (0.3ms)
  [1m[35mUser Load (0.1ms)[0m  SELECT  "users".* FROM "users" WHERE "users"."id" = ? LIMIT 1  [["id", 1]]
Completed 200 OK in 110ms (Views: 108.6ms | ActiveRecord: 0.1ms)


Started GET "/" for ::1 at 2015-11-12 18:26:25 -0500
Processing by LessonsController#main as HTML
  Rendered lessons/main.html.erb within layouts/application (0.2ms)
  [1m[36mUser Load (0.1ms)[0m  [1mSELECT  "users".* FROM "users" WHERE "users"."id" = ? LIMIT 1[0m  [["id", 1]]
Completed 200 OK in 130ms (Views: 128.7ms | ActiveRecord: 0.1ms)


Started GET "/" for ::1 at 2015-11-12 18:28:38 -0500
  [1m[36mActiveRecord::SchemaMigration Load (0.6ms)[0m  [1mSELECT "schema_migrations".* FROM "schema_migrations"[0m
Processing by LessonsController#main as HTML
  Rendered lessons/main.html.erb within layouts/application (2.5ms)
  [1m[35mUser Load (0.6ms)[0m  SELECT  "users".* FROM "users" WHERE "users"."id" = ? LIMIT 1  [["id", 1]]
Completed 200 OK in 405ms (Views: 389.4ms | ActiveRecord: 1.0ms)


Started GET "/assets/application.self-8cfd4d085099b8ef1cfd29b33572462373e9968dbe673224a790e5d97c547534.css?body=1" for ::1 at 2015-11-12 18:28:40 -0500


Started GET "/assets/jquery.self-d79fb84d36ab15d248e3a22d1a9168c7b526d67e27b9df515f2b1906bbb01089.js?body=1" for ::1 at 2015-11-12 18:28:40 -0500


Started GET "/assets/jquery_ujs.self-d456baa54c1fa6be2ec3711f0a72ddf7a5b2f34a6b4f515f33767d6207b7d4b3.js?body=1" for ::1 at 2015-11-12 18:28:40 -0500


Started GET "/assets/answers.self-877aef30ae1b040ab8a3aba4e3e309a11d7f2612f44dde450b5c157aa5f95c05.js?body=1" for ::1 at 2015-11-12 18:28:40 -0500


Started GET "/assets/turbolinks.self-c37727e9bd6b2735da5c311aa83fead54ed0be6cc8bd9a65309e9c5abe2cbfff.js?body=1" for ::1 at 2015-11-12 18:28:40 -0500


Started GET "/assets/checklist.self-a114d19683550ebd0a7f4bddf86d94429041d70c7ead7fb7306fab6112a9535c.js?body=1" for ::1 at 2015-11-12 18:28:40 -0500


Started GET "/assets/jquery.quiz.self-2e1a91fea3e30b87b9a2e321c9d09e3523692e12ae60bac882603589855a45d4.js?body=1" for ::1 at 2015-11-12 18:28:40 -0500


Started GET "/assets/dragndrop.self-a95ca24f4c91fb743108cd8625b33d404a11c2c9c89ce5125d0e35f886391a85.js?body=1" for ::1 at 2015-11-12 18:28:40 -0500


Started GET "/assets/init.self-299fc933b38b8e51b6acf17abbbacc7810e8c78e93f1f300fba66e4a25f4955f.js?body=1" for ::1 at 2015-11-12 18:28:40 -0500


Started GET "/assets/jquery-ui.min.self-da042190fd2c6afb49fa4e0a1581f1a2ad3431cd22093fd906af1cd1a13849ac.js?body=1" for ::1 at 2015-11-12 18:28:40 -0500


Started GET "/assets/lessons.self-877aef30ae1b040ab8a3aba4e3e309a11d7f2612f44dde450b5c157aa5f95c05.js?body=1" for ::1 at 2015-11-12 18:28:40 -0500


Started GET "/assets/material.min.self-316246396cd395e4aa94c834668efeadee696ad2a32a430124df182aa5a69aff.js?body=1" for ::1 at 2015-11-12 18:28:40 -0500


Started GET "/assets/questions.self-877aef30ae1b040ab8a3aba4e3e309a11d7f2612f44dde450b5c157aa5f95c05.js?body=1" for ::1 at 2015-11-12 18:28:40 -0500


Started GET "/assets/ripples.min.self-013cb869e894c4b737da10d1aac26a3c6bc69c228eb74dea15d9fc80812259d4.js?body=1" for ::1 at 2015-11-12 18:28:40 -0500


Started GET "/assets/users.self-877aef30ae1b040ab8a3aba4e3e309a11d7f2612f44dde450b5c157aa5f95c05.js?body=1" for ::1 at 2015-11-12 18:28:40 -0500


Started GET "/assets/application.self-3b8dabdc891efe46b9a144b400ad69e37d7e5876bdc39dee783419a69d7ca819.js?body=1" for ::1 at 2015-11-12 18:28:40 -0500


Started GET "/assets/tiles.self-213a257bf4b8542e1afdcd16c0b7373cbd2e8e2994c712677e0382485c0ba05c.js?body=1" for ::1 at 2015-11-12 18:28:40 -0500


Started GET "/" for ::1 at 2015-11-12 18:28:41 -0500
Processing by LessonsController#main as HTML
  Rendered lessons/main.html.erb within layouts/application (0.3ms)
  [1m[36mUser Load (0.2ms)[0m  [1mSELECT  "users".* FROM "users" WHERE "users"."id" = ? LIMIT 1[0m  [["id", 1]]
Completed 200 OK in 244ms (Views: 242.0ms | ActiveRecord: 0.2ms)


Started GET "/" for ::1 at 2015-11-12 18:33:27 -0500
  [1m[36mActiveRecord::SchemaMigration Load (0.7ms)[0m  [1mSELECT "schema_migrations".* FROM "schema_migrations"[0m
Processing by LessonsController#main as HTML
  Rendered lessons/main.html.erb within layouts/application (2.1ms)
  [1m[35mUser Load (0.7ms)[0m  SELECT  "users".* FROM "users" WHERE "users"."id" = ? LIMIT 1  [["id", 1]]
Completed 200 OK in 395ms (Views: 382.0ms | ActiveRecord: 1.2ms)


Started GET "/assets/application.self-8cfd4d085099b8ef1cfd29b33572462373e9968dbe673224a790e5d97c547534.css?body=1" for ::1 at 2015-11-12 18:33:29 -0500


Started GET "/assets/checklist.self-a114d19683550ebd0a7f4bddf86d94429041d70c7ead7fb7306fab6112a9535c.js?body=1" for ::1 at 2015-11-12 18:33:29 -0500


Started GET "/assets/answers.self-877aef30ae1b040ab8a3aba4e3e309a11d7f2612f44dde450b5c157aa5f95c05.js?body=1" for ::1 at 2015-11-12 18:33:29 -0500


Started GET "/assets/jquery.self-d79fb84d36ab15d248e3a22d1a9168c7b526d67e27b9df515f2b1906bbb01089.js?body=1" for ::1 at 2015-11-12 18:33:29 -0500


Started GET "/assets/jquery_ujs.self-d456baa54c1fa6be2ec3711f0a72ddf7a5b2f34a6b4f515f33767d6207b7d4b3.js?body=1" for ::1 at 2015-11-12 18:33:29 -0500


Started GET "/assets/turbolinks.self-c37727e9bd6b2735da5c311aa83fead54ed0be6cc8bd9a65309e9c5abe2cbfff.js?body=1" for ::1 at 2015-11-12 18:33:29 -0500


Started GET "/assets/dragndrop.self-a95ca24f4c91fb743108cd8625b33d404a11c2c9c89ce5125d0e35f886391a85.js?body=1" for ::1 at 2015-11-12 18:33:29 -0500


Started GET "/assets/init.self-299fc933b38b8e51b6acf17abbbacc7810e8c78e93f1f300fba66e4a25f4955f.js?body=1" for ::1 at 2015-11-12 18:33:29 -0500


Started GET "/assets/jquery.quiz.self-2e1a91fea3e30b87b9a2e321c9d09e3523692e12ae60bac882603589855a45d4.js?body=1" for ::1 at 2015-11-12 18:33:29 -0500


Started GET "/assets/lessons.self-877aef30ae1b040ab8a3aba4e3e309a11d7f2612f44dde450b5c157aa5f95c05.js?body=1" for ::1 at 2015-11-12 18:33:29 -0500


Started GET "/assets/jquery-ui.min.self-da042190fd2c6afb49fa4e0a1581f1a2ad3431cd22093fd906af1cd1a13849ac.js?body=1" for ::1 at 2015-11-12 18:33:29 -0500


Started GET "/assets/material.min.self-316246396cd395e4aa94c834668efeadee696ad2a32a430124df182aa5a69aff.js?body=1" for ::1 at 2015-11-12 18:33:29 -0500


Started GET "/assets/ripples.min.self-013cb869e894c4b737da10d1aac26a3c6bc69c228eb74dea15d9fc80812259d4.js?body=1" for ::1 at 2015-11-12 18:33:29 -0500


Started GET "/assets/tiles.self-213a257bf4b8542e1afdcd16c0b7373cbd2e8e2994c712677e0382485c0ba05c.js?body=1" for ::1 at 2015-11-12 18:33:29 -0500


Started GET "/assets/questions.self-877aef30ae1b040ab8a3aba4e3e309a11d7f2612f44dde450b5c157aa5f95c05.js?body=1" for ::1 at 2015-11-12 18:33:29 -0500


Started GET "/assets/users.self-877aef30ae1b040ab8a3aba4e3e309a11d7f2612f44dde450b5c157aa5f95c05.js?body=1" for ::1 at 2015-11-12 18:33:29 -0500


Started GET "/assets/application.self-3b8dabdc891efe46b9a144b400ad69e37d7e5876bdc39dee783419a69d7ca819.js?body=1" for ::1 at 2015-11-12 18:33:29 -0500


Started GET "/" for ::1 at 2015-11-12 18:33:29 -0500
Processing by LessonsController#main as HTML
  Rendered lessons/main.html.erb within layouts/application (0.3ms)
  [1m[36mUser Load (0.2ms)[0m  [1mSELECT  "users".* FROM "users" WHERE "users"."id" = ? LIMIT 1[0m  [["id", 1]]
Completed 200 OK in 272ms (Views: 270.7ms | ActiveRecord: 0.2ms)


Started GET "/" for ::1 at 2015-11-12 18:36:38 -0500
Processing by LessonsController#main as HTML
  Rendered lessons/main.html.erb within layouts/application (2.1ms)
  [1m[35mUser Load (0.4ms)[0m  SELECT  "users".* FROM "users" WHERE "users"."id" = ? LIMIT 1  [["id", 1]]
Completed 200 OK in 291ms (Views: 285.3ms | ActiveRecord: 0.4ms)


Started GET "/assets/application.self-8cfd4d085099b8ef1cfd29b33572462373e9968dbe673224a790e5d97c547534.css?body=1" for ::1 at 2015-11-12 18:36:39 -0500


Started GET "/assets/jquery.self-d79fb84d36ab15d248e3a22d1a9168c7b526d67e27b9df515f2b1906bbb01089.js?body=1" for ::1 at 2015-11-12 18:36:40 -0500


Started GET "/assets/turbolinks.self-c37727e9bd6b2735da5c311aa83fead54ed0be6cc8bd9a65309e9c5abe2cbfff.js?body=1" for ::1 at 2015-11-12 18:36:40 -0500


Started GET "/assets/checklist.self-a114d19683550ebd0a7f4bddf86d94429041d70c7ead7fb7306fab6112a9535c.js?body=1" for ::1 at 2015-11-12 18:36:40 -0500


Started GET "/assets/jquery_ujs.self-d456baa54c1fa6be2ec3711f0a72ddf7a5b2f34a6b4f515f33767d6207b7d4b3.js?body=1" for ::1 at 2015-11-12 18:36:40 -0500


Started GET "/assets/jquery-ui.min.self-da042190fd2c6afb49fa4e0a1581f1a2ad3431cd22093fd906af1cd1a13849ac.js?body=1" for ::1 at 2015-11-12 18:36:40 -0500


Started GET "/assets/jquery.quiz.self-2e1a91fea3e30b87b9a2e321c9d09e3523692e12ae60bac882603589855a45d4.js?body=1" for ::1 at 2015-11-12 18:36:40 -0500


Started GET "/assets/lessons.self-877aef30ae1b040ab8a3aba4e3e309a11d7f2612f44dde450b5c157aa5f95c05.js?body=1" for ::1 at 2015-11-12 18:36:40 -0500


Started GET "/assets/dragndrop.self-a95ca24f4c91fb743108cd8625b33d404a11c2c9c89ce5125d0e35f886391a85.js?body=1" for ::1 at 2015-11-12 18:36:40 -0500


Started GET "/assets/init.self-299fc933b38b8e51b6acf17abbbacc7810e8c78e93f1f300fba66e4a25f4955f.js?body=1" for ::1 at 2015-11-12 18:36:40 -0500


Started GET "/assets/ripples.min.self-013cb869e894c4b737da10d1aac26a3c6bc69c228eb74dea15d9fc80812259d4.js?body=1" for ::1 at 2015-11-12 18:36:40 -0500


Started GET "/assets/tiles.self-213a257bf4b8542e1afdcd16c0b7373cbd2e8e2994c712677e0382485c0ba05c.js?body=1" for ::1 at 2015-11-12 18:36:40 -0500


Started GET "/assets/application.self-3b8dabdc891efe46b9a144b400ad69e37d7e5876bdc39dee783419a69d7ca819.js?body=1" for ::1 at 2015-11-12 18:36:40 -0500


Started GET "/assets/material.min.self-316246396cd395e4aa94c834668efeadee696ad2a32a430124df182aa5a69aff.js?body=1" for ::1 at 2015-11-12 18:36:40 -0500


Started GET "/assets/users.self-877aef30ae1b040ab8a3aba4e3e309a11d7f2612f44dde450b5c157aa5f95c05.js?body=1" for ::1 at 2015-11-12 18:36:40 -0500


Started GET "/" for ::1 at 2015-11-12 18:36:40 -0500
Processing by LessonsController#main as HTML
  Rendered lessons/main.html.erb within layouts/application (0.3ms)
  [1m[36mUser Load (0.1ms)[0m  [1mSELECT  "users".* FROM "users" WHERE "users"."id" = ? LIMIT 1[0m  [["id", 1]]
Completed 200 OK in 219ms (Views: 217.2ms | ActiveRecord: 0.1ms)


Started GET "/" for ::1 at 2015-11-12 18:38:35 -0500
Processing by LessonsController#main as HTML
  Rendered lessons/main.html.erb within layouts/application (0.3ms)
  [1m[35mUser Load (0.4ms)[0m  SELECT  "users".* FROM "users" WHERE "users"."id" = ? LIMIT 1  [["id", 1]]
Completed 200 OK in 220ms (Views: 216.9ms | ActiveRecord: 0.4ms)


Started GET "/assets/application.self-8cfd4d085099b8ef1cfd29b33572462373e9968dbe673224a790e5d97c547534.css?body=1" for ::1 at 2015-11-12 18:38:36 -0500


Started GET "/assets/jquery_ujs.self-d456baa54c1fa6be2ec3711f0a72ddf7a5b2f34a6b4f515f33767d6207b7d4b3.js?body=1" for ::1 at 2015-11-12 18:38:36 -0500


Started GET "/assets/jquery.self-d79fb84d36ab15d248e3a22d1a9168c7b526d67e27b9df515f2b1906bbb01089.js?body=1" for ::1 at 2015-11-12 18:38:36 -0500


Started GET "/assets/turbolinks.self-c37727e9bd6b2735da5c311aa83fead54ed0be6cc8bd9a65309e9c5abe2cbfff.js?body=1" for ::1 at 2015-11-12 18:38:36 -0500


Started GET "/assets/checklist.self-a114d19683550ebd0a7f4bddf86d94429041d70c7ead7fb7306fab6112a9535c.js?body=1" for ::1 at 2015-11-12 18:38:36 -0500


Started GET "/assets/dragndrop.self-a95ca24f4c91fb743108cd8625b33d404a11c2c9c89ce5125d0e35f886391a85.js?body=1" for ::1 at 2015-11-12 18:38:36 -0500


Started GET "/assets/jquery-ui.min.self-da042190fd2c6afb49fa4e0a1581f1a2ad3431cd22093fd906af1cd1a13849ac.js?body=1" for ::1 at 2015-11-12 18:38:36 -0500


Started GET "/assets/jquery.quiz.self-2e1a91fea3e30b87b9a2e321c9d09e3523692e12ae60bac882603589855a45d4.js?body=1" for ::1 at 2015-11-12 18:38:36 -0500


Started GET "/assets/material.min.self-316246396cd395e4aa94c834668efeadee696ad2a32a430124df182aa5a69aff.js?body=1" for ::1 at 2015-11-12 18:38:36 -0500


Started GET "/assets/init.self-299fc933b38b8e51b6acf17abbbacc7810e8c78e93f1f300fba66e4a25f4955f.js?body=1" for ::1 at 2015-11-12 18:38:36 -0500


Started GET "/assets/tiles.self-213a257bf4b8542e1afdcd16c0b7373cbd2e8e2994c712677e0382485c0ba05c.js?body=1" for ::1 at 2015-11-12 18:38:36 -0500


Started GET "/assets/ripples.min.self-013cb869e894c4b737da10d1aac26a3c6bc69c228eb74dea15d9fc80812259d4.js?body=1" for ::1 at 2015-11-12 18:38:36 -0500


Started GET "/assets/application.self-3b8dabdc891efe46b9a144b400ad69e37d7e5876bdc39dee783419a69d7ca819.js?body=1" for ::1 at 2015-11-12 18:38:36 -0500


Started GET "/" for ::1 at 2015-11-12 18:38:37 -0500
Processing by LessonsController#main as HTML
  Rendered lessons/main.html.erb within layouts/application (0.6ms)
  [1m[36mUser Load (0.2ms)[0m  [1mSELECT  "users".* FROM "users" WHERE "users"."id" = ? LIMIT 1[0m  [["id", 1]]
Completed 200 OK in 170ms (Views: 166.9ms | ActiveRecord: 0.2ms)


Started GET "/" for ::1 at 2015-11-12 18:40:14 -0500
  [1m[36mActiveRecord::SchemaMigration Load (0.7ms)[0m  [1mSELECT "schema_migrations".* FROM "schema_migrations"[0m
Processing by LessonsController#main as HTML
  Rendered lessons/main.html.erb within layouts/application (1.9ms)
  [1m[35mUser Load (0.7ms)[0m  SELECT  "users".* FROM "users" WHERE "users"."id" = ? LIMIT 1  [["id", 1]]
Completed 200 OK in 322ms (Views: 309.2ms | ActiveRecord: 1.2ms)


Started GET "/assets/application.self-8cfd4d085099b8ef1cfd29b33572462373e9968dbe673224a790e5d97c547534.css?body=1" for ::1 at 2015-11-12 18:40:15 -0500


Started GET "/assets/dragndrop.self-a95ca24f4c91fb743108cd8625b33d404a11c2c9c89ce5125d0e35f886391a85.js?body=1" for ::1 at 2015-11-12 18:40:16 -0500


Started GET "/assets/checklist.self-a114d19683550ebd0a7f4bddf86d94429041d70c7ead7fb7306fab6112a9535c.js?body=1" for ::1 at 2015-11-12 18:40:16 -0500


Started GET "/assets/jquery.self-d79fb84d36ab15d248e3a22d1a9168c7b526d67e27b9df515f2b1906bbb01089.js?body=1" for ::1 at 2015-11-12 18:40:16 -0500


Started GET "/assets/jquery-ui.min.self-da042190fd2c6afb49fa4e0a1581f1a2ad3431cd22093fd906af1cd1a13849ac.js?body=1" for ::1 at 2015-11-12 18:40:16 -0500


Started GET "/assets/jquery_ujs.self-d456baa54c1fa6be2ec3711f0a72ddf7a5b2f34a6b4f515f33767d6207b7d4b3.js?body=1" for ::1 at 2015-11-12 18:40:16 -0500


Started GET "/assets/turbolinks.self-c37727e9bd6b2735da5c311aa83fead54ed0be6cc8bd9a65309e9c5abe2cbfff.js?body=1" for ::1 at 2015-11-12 18:40:16 -0500


Started GET "/assets/material.min.self-316246396cd395e4aa94c834668efeadee696ad2a32a430124df182aa5a69aff.js?body=1" for ::1 at 2015-11-12 18:40:16 -0500


Started GET "/assets/jquery.quiz.self-2e1a91fea3e30b87b9a2e321c9d09e3523692e12ae60bac882603589855a45d4.js?body=1" for ::1 at 2015-11-12 18:40:16 -0500


Started GET "/assets/init.self-299fc933b38b8e51b6acf17abbbacc7810e8c78e93f1f300fba66e4a25f4955f.js?body=1" for ::1 at 2015-11-12 18:40:16 -0500


Started GET "/assets/tiles.self-213a257bf4b8542e1afdcd16c0b7373cbd2e8e2994c712677e0382485c0ba05c.js?body=1" for ::1 at 2015-11-12 18:40:16 -0500


Started GET "/assets/application.self-3b8dabdc891efe46b9a144b400ad69e37d7e5876bdc39dee783419a69d7ca819.js?body=1" for ::1 at 2015-11-12 18:40:16 -0500


Started GET "/assets/ripples.min.self-013cb869e894c4b737da10d1aac26a3c6bc69c228eb74dea15d9fc80812259d4.js?body=1" for ::1 at 2015-11-12 18:40:16 -0500


Started GET "/" for ::1 at 2015-11-12 18:40:16 -0500
Processing by LessonsController#main as HTML
  Rendered lessons/main.html.erb within layouts/application (0.3ms)
  [1m[36mUser Load (0.2ms)[0m  [1mSELECT  "users".* FROM "users" WHERE "users"."id" = ? LIMIT 1[0m  [["id", 1]]
Completed 200 OK in 252ms (Views: 250.1ms | ActiveRecord: 0.2ms)


Started GET "/" for ::1 at 2015-11-12 18:42:13 -0500
Processing by LessonsController#main as HTML
  Rendered lessons/main.html.erb within layouts/application (1.2ms)
  [1m[35mUser Load (0.2ms)[0m  SELECT  "users".* FROM "users" WHERE "users"."id" = ? LIMIT 1  [["id", 1]]
Completed 200 OK in 874ms (Views: 870.1ms | ActiveRecord: 0.2ms)


Started GET "/assets/bootstrap.min.self-6655d1384d1509415d234003e6f81cf5de3d688790aaadc1091aa5bb5795b1f1.css?body=1" for ::1 at 2015-11-12 18:42:15 -0500


Started GET "/assets/material.min.self-96cc38d167c4874cb8cbd210e935b3f6deecd26d471e80c7ccb7e5ae26425487.css?body=1" for ::1 at 2015-11-12 18:42:15 -0500


Started GET "/assets/checklist.self-6eb21ef6ae7623efed8de7adf8dc61b5ea78c3e14d8cd671e89aa4c51a352dca.css?body=1" for ::1 at 2015-11-12 18:42:15 -0500


Started GET "/assets/dragndrop.self-0f2e0595d54031d3013dc210f0818fbbd65a83c601da7d3f6b671dc53ee9448a.css?body=1" for ::1 at 2015-11-12 18:42:15 -0500


Started GET "/assets/quizstyles.self-9383a7d4a09d3d098801696d5b2cb92b49af2b82d99e7cf6f1aa736d5ef9e5aa.css?body=1" for ::1 at 2015-11-12 18:42:15 -0500


Started GET "/assets/stylesheet.self-92dac1d7cc2433a3d2a61bc11ebc1fc0f0b0d91e744bbac4cffcc06906da71ad.css?body=1" for ::1 at 2015-11-12 18:42:15 -0500


Started GET "/assets/ripples.min.self-7f8e263578ca058d756a36ad1e8894df12d7a7a8abd936f86674d328f4bb9839.css?body=1" for ::1 at 2015-11-12 18:42:15 -0500


Started GET "/assets/roboto.min.self-51ce5f14f02e3c49043ea413368f2a2fab2d891e2bfcc8168917125df93cd2d8.css?body=1" for ::1 at 2015-11-12 18:42:15 -0500


Started GET "/assets/application.self-c4991312985bccd133f1f21ab2f6a5d0129a8416a91037313b14f05d7d2e7dde.css?body=1" for ::1 at 2015-11-12 18:42:15 -0500


Started GET "/assets/tiles.self-cbe9601f5cd34cc015c7381bcfec3121e59f73d0b05bef3750b6e1a4a24172e2.css?body=1" for ::1 at 2015-11-12 18:42:15 -0500


Started GET "/assets/material-fullpalette.min.self-03f978c7080ab405a201cbe55652310c1197c78bf3d2a97b5dedfdcf17b8d128.css?body=1" for ::1 at 2015-11-12 18:42:15 -0500


Started GET "/assets/video.self-a6e7a53a0b2c8a30c806c966019943917a6551434e530eb2f1b339be1e596473.css?body=1" for ::1 at 2015-11-12 18:42:15 -0500


Started GET "/assets/jquery_ujs.self-d456baa54c1fa6be2ec3711f0a72ddf7a5b2f34a6b4f515f33767d6207b7d4b3.js?body=1" for ::1 at 2015-11-12 18:42:15 -0500


Started GET "/assets/jquery.self-d79fb84d36ab15d248e3a22d1a9168c7b526d67e27b9df515f2b1906bbb01089.js?body=1" for ::1 at 2015-11-12 18:42:15 -0500


Started GET "/assets/checklist.self-a114d19683550ebd0a7f4bddf86d94429041d70c7ead7fb7306fab6112a9535c.js?body=1" for ::1 at 2015-11-12 18:42:15 -0500


Started GET "/assets/turbolinks.self-c37727e9bd6b2735da5c311aa83fead54ed0be6cc8bd9a65309e9c5abe2cbfff.js?body=1" for ::1 at 2015-11-12 18:42:15 -0500


Started GET "/assets/init.self-299fc933b38b8e51b6acf17abbbacc7810e8c78e93f1f300fba66e4a25f4955f.js?body=1" for ::1 at 2015-11-12 18:42:15 -0500


Started GET "/assets/dragndrop.self-a95ca24f4c91fb743108cd8625b33d404a11c2c9c89ce5125d0e35f886391a85.js?body=1" for ::1 at 2015-11-12 18:42:15 -0500


Started GET "/assets/jquery-ui.min.self-da042190fd2c6afb49fa4e0a1581f1a2ad3431cd22093fd906af1cd1a13849ac.js?body=1" for ::1 at 2015-11-12 18:42:15 -0500


Started GET "/assets/jquery.quiz.self-2e1a91fea3e30b87b9a2e321c9d09e3523692e12ae60bac882603589855a45d4.js?body=1" for ::1 at 2015-11-12 18:42:15 -0500


Started GET "/assets/ripples.min.self-013cb869e894c4b737da10d1aac26a3c6bc69c228eb74dea15d9fc80812259d4.js?body=1" for ::1 at 2015-11-12 18:42:15 -0500


Started GET "/assets/tiles.self-213a257bf4b8542e1afdcd16c0b7373cbd2e8e2994c712677e0382485c0ba05c.js?body=1" for ::1 at 2015-11-12 18:42:15 -0500


Started GET "/assets/material.min.self-316246396cd395e4aa94c834668efeadee696ad2a32a430124df182aa5a69aff.js?body=1" for ::1 at 2015-11-12 18:42:15 -0500


Started GET "/assets/application.self-3b8dabdc891efe46b9a144b400ad69e37d7e5876bdc39dee783419a69d7ca819.js?body=1" for ::1 at 2015-11-12 18:42:15 -0500


Started GET "/assets/material-fullpalette.min.css.map" for ::1 at 2015-11-12 18:42:16 -0500

ActionController::RoutingError (No route matches [GET] "/assets/material-fullpalette.min.css.map"):
  actionpack (4.2.4) lib/action_dispatch/middleware/debug_exceptions.rb:21:in `call'
  web-console (2.2.1) lib/web_console/middleware.rb:39:in `call'
  actionpack (4.2.4) lib/action_dispatch/middleware/show_exceptions.rb:30:in `call'
  railties (4.2.4) lib/rails/rack/logger.rb:38:in `call_app'
  railties (4.2.4) lib/rails/rack/logger.rb:20:in `block in call'
  activesupport (4.2.4) lib/active_support/tagged_logging.rb:68:in `block in tagged'
  activesupport (4.2.4) lib/active_support/tagged_logging.rb:26:in `tagged'
  activesupport (4.2.4) lib/active_support/tagged_logging.rb:68:in `tagged'
  railties (4.2.4) lib/rails/rack/logger.rb:20:in `call'
  actionpack (4.2.4) lib/action_dispatch/middleware/request_id.rb:21:in `call'
  rack (1.6.4) lib/rack/methodoverride.rb:22:in `call'
  rack (1.6.4) lib/rack/runtime.rb:18:in `call'
  activesupport (4.2.4) lib/active_support/cache/strategy/local_cache_middleware.rb:28:in `call'
  rack (1.6.4) lib/rack/lock.rb:17:in `call'
  actionpack (4.2.4) lib/action_dispatch/middleware/static.rb:116:in `call'
  rack (1.6.4) lib/rack/sendfile.rb:113:in `call'
  railties (4.2.4) lib/rails/engine.rb:518:in `call'
  railties (4.2.4) lib/rails/application.rb:165:in `call'
  rack (1.6.4) lib/rack/lock.rb:17:in `call'
  rack (1.6.4) lib/rack/content_length.rb:15:in `call'
  rack (1.6.4) lib/rack/handler/webrick.rb:88:in `service'
  /usr/local/Cellar/ruby/2.2.3/lib/ruby/2.2.0/webrick/httpserver.rb:138:in `service'
  /usr/local/Cellar/ruby/2.2.3/lib/ruby/2.2.0/webrick/httpserver.rb:94:in `run'
  /usr/local/Cellar/ruby/2.2.3/lib/ruby/2.2.0/webrick/server.rb:294:in `block in start_thread'


  Rendered /usr/local/lib/ruby/gems/2.2.0/gems/actionpack-4.2.4/lib/action_dispatch/middleware/templates/rescues/_trace.html.erb (3.0ms)
  Rendered /usr/local/lib/ruby/gems/2.2.0/gems/actionpack-4.2.4/lib/action_dispatch/middleware/templates/routes/_route.html.erb (2.8ms)
  Rendered /usr/local/lib/ruby/gems/2.2.0/gems/actionpack-4.2.4/lib/action_dispatch/middleware/templates/routes/_table.html.erb (14.9ms)
  Rendered /usr/local/lib/ruby/gems/2.2.0/gems/actionpack-4.2.4/lib/action_dispatch/middleware/templates/rescues/_request_and_response.html.erb (2.2ms)
  Rendered /usr/local/lib/ruby/gems/2.2.0/gems/actionpack-4.2.4/lib/action_dispatch/middleware/templates/rescues/routing_error.html.erb within rescues/layout (145.2ms)
  Rendered /usr/local/lib/ruby/gems/2.2.0/gems/web-console-2.2.1/lib/web_console/templates/_markup.html.erb (0.5ms)
  Rendered /usr/local/lib/ruby/gems/2.2.0/gems/web-console-2.2.1/lib/web_console/templates/_inner_console_markup.html.erb within layouts/inlined_string (0.6ms)
  Rendered /usr/local/lib/ruby/gems/2.2.0/gems/web-console-2.2.1/lib/web_console/templates/_prompt_box_markup.html.erb within layouts/inlined_string (0.4ms)
  Rendered /usr/local/lib/ruby/gems/2.2.0/gems/web-console-2.2.1/lib/web_console/templates/style.css.erb within layouts/inlined_string (0.5ms)
  Rendered /usr/local/lib/ruby/gems/2.2.0/gems/web-console-2.2.1/lib/web_console/templates/console.js.erb within layouts/javascript (109.9ms)
  Rendered /usr/local/lib/ruby/gems/2.2.0/gems/web-console-2.2.1/lib/web_console/templates/main.js.erb within layouts/javascript (0.4ms)
  Rendered /usr/local/lib/ruby/gems/2.2.0/gems/web-console-2.2.1/lib/web_console/templates/error_page.js.erb within layouts/javascript (0.5ms)
  Rendered /usr/local/lib/ruby/gems/2.2.0/gems/web-console-2.2.1/lib/web_console/templates/index.html.erb (210.9ms)


Started GET "/" for ::1 at 2015-11-12 18:42:16 -0500
Processing by LessonsController#main as HTML
  Rendered lessons/main.html.erb within layouts/application (0.4ms)
  [1m[36mUser Load (0.2ms)[0m  [1mSELECT  "users".* FROM "users" WHERE "users"."id" = ? LIMIT 1[0m  [["id", 1]]
Completed 200 OK in 189ms (Views: 187.1ms | ActiveRecord: 0.2ms)


Started GET "/logout" for ::1 at 2015-11-12 18:42:25 -0500
Processing by SessionsController#destroy as HTML
Redirected to http://localhost:3000/login
Completed 302 Found in 2ms (ActiveRecord: 0.0ms)


Started GET "/login" for ::1 at 2015-11-12 18:42:25 -0500
Processing by SessionsController#new as HTML
  Rendered sessions/new.html.erb within layouts/application (1.6ms)
Completed 200 OK in 182ms (Views: 179.8ms | ActiveRecord: 0.0ms)


Started POST "/login" for ::1 at 2015-11-12 18:42:27 -0500
Processing by SessionsController#create as HTML
  Parameters: {"utf8"=>"✓", "authenticity_token"=>"R2mNoaeabukyBdg7ezKkyMeDVkfyi04ivQ7Ix8Ptb5+wHRYjKjAlCq1hJZRNOqQxuKasGt0K2a4Ncwjyrfm0zw==", "email"=>"biancapadilla", "password"=>"[FILTERED]", "commit"=>"Submit"}
  [1m[35mUser Load (0.4ms)[0m  SELECT  "users".* FROM "users" WHERE "users"."email" = ? LIMIT 1  [["email", "biancapadilla"]]
Redirected to http://localhost:3000/login
Completed 302 Found in 5ms (ActiveRecord: 0.4ms)


Started GET "/login" for ::1 at 2015-11-12 18:42:27 -0500
Processing by SessionsController#new as HTML
  Rendered sessions/new.html.erb within layouts/application (0.8ms)
Completed 200 OK in 159ms (Views: 157.9ms | ActiveRecord: 0.0ms)


Started GET "/assets/material-fullpalette.min.css.map" for ::1 at 2015-11-12 18:42:28 -0500

ActionController::RoutingError (No route matches [GET] "/assets/material-fullpalette.min.css.map"):
  actionpack (4.2.4) lib/action_dispatch/middleware/debug_exceptions.rb:21:in `call'
  web-console (2.2.1) lib/web_console/middleware.rb:39:in `call'
  actionpack (4.2.4) lib/action_dispatch/middleware/show_exceptions.rb:30:in `call'
  railties (4.2.4) lib/rails/rack/logger.rb:38:in `call_app'
  railties (4.2.4) lib/rails/rack/logger.rb:20:in `block in call'
  activesupport (4.2.4) lib/active_support/tagged_logging.rb:68:in `block in tagged'
  activesupport (4.2.4) lib/active_support/tagged_logging.rb:26:in `tagged'
  activesupport (4.2.4) lib/active_support/tagged_logging.rb:68:in `tagged'
  railties (4.2.4) lib/rails/rack/logger.rb:20:in `call'
  actionpack (4.2.4) lib/action_dispatch/middleware/request_id.rb:21:in `call'
  rack (1.6.4) lib/rack/methodoverride.rb:22:in `call'
  rack (1.6.4) lib/rack/runtime.rb:18:in `call'
  activesupport (4.2.4) lib/active_support/cache/strategy/local_cache_middleware.rb:28:in `call'
  rack (1.6.4) lib/rack/lock.rb:17:in `call'
  actionpack (4.2.4) lib/action_dispatch/middleware/static.rb:116:in `call'
  rack (1.6.4) lib/rack/sendfile.rb:113:in `call'
  railties (4.2.4) lib/rails/engine.rb:518:in `call'
  railties (4.2.4) lib/rails/application.rb:165:in `call'
  rack (1.6.4) lib/rack/lock.rb:17:in `call'
  rack (1.6.4) lib/rack/content_length.rb:15:in `call'
  rack (1.6.4) lib/rack/handler/webrick.rb:88:in `service'
  /usr/local/Cellar/ruby/2.2.3/lib/ruby/2.2.0/webrick/httpserver.rb:138:in `service'
  /usr/local/Cellar/ruby/2.2.3/lib/ruby/2.2.0/webrick/httpserver.rb:94:in `run'
  /usr/local/Cellar/ruby/2.2.3/lib/ruby/2.2.0/webrick/server.rb:294:in `block in start_thread'


  Rendered /usr/local/lib/ruby/gems/2.2.0/gems/actionpack-4.2.4/lib/action_dispatch/middleware/templates/rescues/_trace.html.erb (2.3ms)
  Rendered /usr/local/lib/ruby/gems/2.2.0/gems/actionpack-4.2.4/lib/action_dispatch/middleware/templates/routes/_route.html.erb (3.7ms)
  Rendered /usr/local/lib/ruby/gems/2.2.0/gems/actionpack-4.2.4/lib/action_dispatch/middleware/templates/routes/_table.html.erb (1.7ms)
  Rendered /usr/local/lib/ruby/gems/2.2.0/gems/actionpack-4.2.4/lib/action_dispatch/middleware/templates/rescues/_request_and_response.html.erb (1.8ms)
  Rendered /usr/local/lib/ruby/gems/2.2.0/gems/actionpack-4.2.4/lib/action_dispatch/middleware/templates/rescues/routing_error.html.erb within rescues/layout (125.5ms)
  Rendered /usr/local/lib/ruby/gems/2.2.0/gems/web-console-2.2.1/lib/web_console/templates/_markup.html.erb (0.5ms)
  Rendered /usr/local/lib/ruby/gems/2.2.0/gems/web-console-2.2.1/lib/web_console/templates/_inner_console_markup.html.erb within layouts/inlined_string (0.6ms)
  Rendered /usr/local/lib/ruby/gems/2.2.0/gems/web-console-2.2.1/lib/web_console/templates/_prompt_box_markup.html.erb within layouts/inlined_string (1.0ms)
  Rendered /usr/local/lib/ruby/gems/2.2.0/gems/web-console-2.2.1/lib/web_console/templates/style.css.erb within layouts/inlined_string (0.6ms)
  Rendered /usr/local/lib/ruby/gems/2.2.0/gems/web-console-2.2.1/lib/web_console/templates/console.js.erb within layouts/javascript (82.7ms)
  Rendered /usr/local/lib/ruby/gems/2.2.0/gems/web-console-2.2.1/lib/web_console/templates/main.js.erb within layouts/javascript (0.4ms)
  Rendered /usr/local/lib/ruby/gems/2.2.0/gems/web-console-2.2.1/lib/web_console/templates/error_page.js.erb within layouts/javascript (1.3ms)
  Rendered /usr/local/lib/ruby/gems/2.2.0/gems/web-console-2.2.1/lib/web_console/templates/index.html.erb (224.1ms)


Started GET "/login" for ::1 at 2015-11-12 18:42:29 -0500
Processing by SessionsController#new as HTML
  Rendered sessions/new.html.erb within layouts/application (0.5ms)
Completed 200 OK in 146ms (Views: 145.3ms | ActiveRecord: 0.0ms)


Started GET "/signup" for ::1 at 2015-11-12 18:42:30 -0500
Processing by UsersController#new as HTML
  Rendered users/new.html.erb within layouts/application (3.0ms)
Completed 200 OK in 181ms (Views: 179.8ms | ActiveRecord: 0.0ms)


Started GET "/login" for ::1 at 2015-11-12 18:42:31 -0500
Processing by SessionsController#new as HTML
  Rendered sessions/new.html.erb within layouts/application (0.4ms)
Completed 200 OK in 178ms (Views: 176.7ms | ActiveRecord: 0.0ms)


Started POST "/login" for ::1 at 2015-11-12 18:42:39 -0500
Processing by SessionsController#create as HTML
  Parameters: {"utf8"=>"✓", "authenticity_token"=>"n0w9snUjeJJ3+uLJT0BudzOr1f7NNZ3Yhy9WpeOhaoVoOKYw+IkzceieH2Z5SG6OTI4vo+K0ClQ3UpaQjbWx1Q==", "email"=>"biancalpadilla@gmail.com", "password"=>"[FILTERED]", "commit"=>"Submit"}
  [1m[36mUser Load (0.3ms)[0m  [1mSELECT  "users".* FROM "users" WHERE "users"."email" = ? LIMIT 1[0m  [["email", "biancalpadilla@gmail.com"]]
Redirected to http://localhost:3000/login
Completed 302 Found in 3ms (ActiveRecord: 0.3ms)


Started GET "/login" for ::1 at 2015-11-12 18:42:39 -0500
Processing by SessionsController#new as HTML
  Rendered sessions/new.html.erb within layouts/application (0.8ms)
Completed 200 OK in 147ms (Views: 146.0ms | ActiveRecord: 0.0ms)


Started GET "/assets/material-fullpalette.min.css.map" for ::1 at 2015-11-12 18:42:40 -0500

ActionController::RoutingError (No route matches [GET] "/assets/material-fullpalette.min.css.map"):
  actionpack (4.2.4) lib/action_dispatch/middleware/debug_exceptions.rb:21:in `call'
  web-console (2.2.1) lib/web_console/middleware.rb:39:in `call'
  actionpack (4.2.4) lib/action_dispatch/middleware/show_exceptions.rb:30:in `call'
  railties (4.2.4) lib/rails/rack/logger.rb:38:in `call_app'
  railties (4.2.4) lib/rails/rack/logger.rb:20:in `block in call'
  activesupport (4.2.4) lib/active_support/tagged_logging.rb:68:in `block in tagged'
  activesupport (4.2.4) lib/active_support/tagged_logging.rb:26:in `tagged'
  activesupport (4.2.4) lib/active_support/tagged_logging.rb:68:in `tagged'
  railties (4.2.4) lib/rails/rack/logger.rb:20:in `call'
  actionpack (4.2.4) lib/action_dispatch/middleware/request_id.rb:21:in `call'
  rack (1.6.4) lib/rack/methodoverride.rb:22:in `call'
  rack (1.6.4) lib/rack/runtime.rb:18:in `call'
  activesupport (4.2.4) lib/active_support/cache/strategy/local_cache_middleware.rb:28:in `call'
  rack (1.6.4) lib/rack/lock.rb:17:in `call'
  actionpack (4.2.4) lib/action_dispatch/middleware/static.rb:116:in `call'
  rack (1.6.4) lib/rack/sendfile.rb:113:in `call'
  railties (4.2.4) lib/rails/engine.rb:518:in `call'
  railties (4.2.4) lib/rails/application.rb:165:in `call'
  rack (1.6.4) lib/rack/lock.rb:17:in `call'
  rack (1.6.4) lib/rack/content_length.rb:15:in `call'
  rack (1.6.4) lib/rack/handler/webrick.rb:88:in `service'
  /usr/local/Cellar/ruby/2.2.3/lib/ruby/2.2.0/webrick/httpserver.rb:138:in `service'
  /usr/local/Cellar/ruby/2.2.3/lib/ruby/2.2.0/webrick/httpserver.rb:94:in `run'
  /usr/local/Cellar/ruby/2.2.3/lib/ruby/2.2.0/webrick/server.rb:294:in `block in start_thread'


  Rendered /usr/local/lib/ruby/gems/2.2.0/gems/actionpack-4.2.4/lib/action_dispatch/middleware/templates/rescues/_trace.html.erb (2.1ms)
  Rendered /usr/local/lib/ruby/gems/2.2.0/gems/actionpack-4.2.4/lib/action_dispatch/middleware/templates/routes/_route.html.erb (4.7ms)
  Rendered /usr/local/lib/ruby/gems/2.2.0/gems/actionpack-4.2.4/lib/action_dispatch/middleware/templates/routes/_table.html.erb (1.8ms)
  Rendered /usr/local/lib/ruby/gems/2.2.0/gems/actionpack-4.2.4/lib/action_dispatch/middleware/templates/rescues/_request_and_response.html.erb (7.7ms)
  Rendered /usr/local/lib/ruby/gems/2.2.0/gems/actionpack-4.2.4/lib/action_dispatch/middleware/templates/rescues/routing_error.html.erb within rescues/layout (127.3ms)
  Rendered /usr/local/lib/ruby/gems/2.2.0/gems/web-console-2.2.1/lib/web_console/templates/_markup.html.erb (0.8ms)
  Rendered /usr/local/lib/ruby/gems/2.2.0/gems/web-console-2.2.1/lib/web_console/templates/_inner_console_markup.html.erb within layouts/inlined_string (0.5ms)
  Rendered /usr/local/lib/ruby/gems/2.2.0/gems/web-console-2.2.1/lib/web_console/templates/_prompt_box_markup.html.erb within layouts/inlined_string (0.4ms)
  Rendered /usr/local/lib/ruby/gems/2.2.0/gems/web-console-2.2.1/lib/web_console/templates/style.css.erb within layouts/inlined_string (0.4ms)
  Rendered /usr/local/lib/ruby/gems/2.2.0/gems/web-console-2.2.1/lib/web_console/templates/console.js.erb within layouts/javascript (76.4ms)
  Rendered /usr/local/lib/ruby/gems/2.2.0/gems/web-console-2.2.1/lib/web_console/templates/main.js.erb within layouts/javascript (0.5ms)
  Rendered /usr/local/lib/ruby/gems/2.2.0/gems/web-console-2.2.1/lib/web_console/templates/error_page.js.erb within layouts/javascript (0.6ms)
  Rendered /usr/local/lib/ruby/gems/2.2.0/gems/web-console-2.2.1/lib/web_console/templates/index.html.erb (209.1ms)


Started POST "/login" for ::1 at 2015-11-12 18:42:47 -0500
Processing by SessionsController#create as HTML
  Parameters: {"utf8"=>"✓", "authenticity_token"=>"MFZDUrbmeCh2kZHj2m3iJZYJQ3yHByTFSHqR0fiDHbbHItjQO0wzy+n1bEzsZeLc6Sy5IaiGs0n4B1HklpfG5g==", "email"=>"biancapadilla", "password"=>"[FILTERED]", "commit"=>"Submit"}
  [1m[35mUser Load (0.2ms)[0m  SELECT  "users".* FROM "users" WHERE "users"."email" = ? LIMIT 1  [["email", "biancapadilla"]]
Redirected to http://localhost:3000/login
Completed 302 Found in 3ms (ActiveRecord: 0.2ms)


Started GET "/login" for ::1 at 2015-11-12 18:42:47 -0500
Processing by SessionsController#new as HTML
  Rendered sessions/new.html.erb within layouts/application (0.8ms)
Completed 200 OK in 163ms (Views: 161.9ms | ActiveRecord: 0.0ms)


Started GET "/assets/material-fullpalette.min.css.map" for ::1 at 2015-11-12 18:42:48 -0500

ActionController::RoutingError (No route matches [GET] "/assets/material-fullpalette.min.css.map"):
  actionpack (4.2.4) lib/action_dispatch/middleware/debug_exceptions.rb:21:in `call'
  web-console (2.2.1) lib/web_console/middleware.rb:39:in `call'
  actionpack (4.2.4) lib/action_dispatch/middleware/show_exceptions.rb:30:in `call'
  railties (4.2.4) lib/rails/rack/logger.rb:38:in `call_app'
  railties (4.2.4) lib/rails/rack/logger.rb:20:in `block in call'
  activesupport (4.2.4) lib/active_support/tagged_logging.rb:68:in `block in tagged'
  activesupport (4.2.4) lib/active_support/tagged_logging.rb:26:in `tagged'
  activesupport (4.2.4) lib/active_support/tagged_logging.rb:68:in `tagged'
  railties (4.2.4) lib/rails/rack/logger.rb:20:in `call'
  actionpack (4.2.4) lib/action_dispatch/middleware/request_id.rb:21:in `call'
  rack (1.6.4) lib/rack/methodoverride.rb:22:in `call'
  rack (1.6.4) lib/rack/runtime.rb:18:in `call'
  activesupport (4.2.4) lib/active_support/cache/strategy/local_cache_middleware.rb:28:in `call'
  rack (1.6.4) lib/rack/lock.rb:17:in `call'
  actionpack (4.2.4) lib/action_dispatch/middleware/static.rb:116:in `call'
  rack (1.6.4) lib/rack/sendfile.rb:113:in `call'
  railties (4.2.4) lib/rails/engine.rb:518:in `call'
  railties (4.2.4) lib/rails/application.rb:165:in `call'
  rack (1.6.4) lib/rack/lock.rb:17:in `call'
  rack (1.6.4) lib/rack/content_length.rb:15:in `call'
  rack (1.6.4) lib/rack/handler/webrick.rb:88:in `service'
  /usr/local/Cellar/ruby/2.2.3/lib/ruby/2.2.0/webrick/httpserver.rb:138:in `service'
  /usr/local/Cellar/ruby/2.2.3/lib/ruby/2.2.0/webrick/httpserver.rb:94:in `run'
  /usr/local/Cellar/ruby/2.2.3/lib/ruby/2.2.0/webrick/server.rb:294:in `block in start_thread'


  Rendered /usr/local/lib/ruby/gems/2.2.0/gems/actionpack-4.2.4/lib/action_dispatch/middleware/templates/rescues/_trace.html.erb (3.2ms)
  Rendered /usr/local/lib/ruby/gems/2.2.0/gems/actionpack-4.2.4/lib/action_dispatch/middleware/templates/routes/_route.html.erb (3.2ms)
  Rendered /usr/local/lib/ruby/gems/2.2.0/gems/actionpack-4.2.4/lib/action_dispatch/middleware/templates/routes/_table.html.erb (1.5ms)
  Rendered /usr/local/lib/ruby/gems/2.2.0/gems/actionpack-4.2.4/lib/action_dispatch/middleware/templates/rescues/_request_and_response.html.erb (2.2ms)
  Rendered /usr/local/lib/ruby/gems/2.2.0/gems/actionpack-4.2.4/lib/action_dispatch/middleware/templates/rescues/routing_error.html.erb within rescues/layout (144.1ms)
  Rendered /usr/local/lib/ruby/gems/2.2.0/gems/web-console-2.2.1/lib/web_console/templates/_markup.html.erb (0.6ms)
  Rendered /usr/local/lib/ruby/gems/2.2.0/gems/web-console-2.2.1/lib/web_console/templates/_inner_console_markup.html.erb within layouts/inlined_string (0.6ms)
  Rendered /usr/local/lib/ruby/gems/2.2.0/gems/web-console-2.2.1/lib/web_console/templates/_prompt_box_markup.html.erb within layouts/inlined_string (3.2ms)
  Rendered /usr/local/lib/ruby/gems/2.2.0/gems/web-console-2.2.1/lib/web_console/templates/style.css.erb within layouts/inlined_string (0.7ms)
  Rendered /usr/local/lib/ruby/gems/2.2.0/gems/web-console-2.2.1/lib/web_console/templates/console.js.erb within layouts/javascript (123.7ms)
  Rendered /usr/local/lib/ruby/gems/2.2.0/gems/web-console-2.2.1/lib/web_console/templates/main.js.erb within layouts/javascript (0.7ms)
  Rendered /usr/local/lib/ruby/gems/2.2.0/gems/web-console-2.2.1/lib/web_console/templates/error_page.js.erb within layouts/javascript (0.6ms)
  Rendered /usr/local/lib/ruby/gems/2.2.0/gems/web-console-2.2.1/lib/web_console/templates/index.html.erb (231.2ms)


Started GET "/signup" for ::1 at 2015-11-12 18:42:52 -0500
Processing by UsersController#new as HTML
  Rendered users/new.html.erb within layouts/application (0.7ms)
Completed 200 OK in 158ms (Views: 157.1ms | ActiveRecord: 0.0ms)


Started POST "/users" for ::1 at 2015-11-12 18:42:58 -0500
Processing by UsersController#create as HTML
  Parameters: {"utf8"=>"✓", "authenticity_token"=>"92K0LlrOrV0D7rkrvGaOlTgyTnDV/OFUTlhyITzkl3gAFi+s12TmvpyKRISKbo5sRxe0Lfp9dtj+JbIUUvBMKA==", "user"=>{"name"=>"bianca", "email"=>"biancalpadilla@gmail.com", "password"=>"[FILTERED]", "password_confirmation"=>"[FILTERED]"}, "commit"=>"Submit"}
  [1m[36m (0.1ms)[0m  [1mbegin transaction[0m
  [1m[35mSQL (0.9ms)[0m  INSERT INTO "users" ("name", "email", "password_digest", "created_at", "updated_at") VALUES (?, ?, ?, ?, ?)  [["name", "bianca"], ["email", "biancalpadilla@gmail.com"], ["password_digest", "$2a$10$6qyPa49UtX2wCiyl/Rrhju1OaQ3SD1.yMoIrLG9rO9eSAjNjK1QUK"], ["created_at", "2015-11-12 23:42:58.382020"], ["updated_at", "2015-11-12 23:42:58.382020"]]
  [1m[36m (1.0ms)[0m  [1mcommit transaction[0m
Redirected to http://localhost:3000/
Completed 302 Found in 97ms (ActiveRecord: 2.1ms)


Started GET "/" for ::1 at 2015-11-12 18:42:58 -0500
Processing by LessonsController#main as HTML
  Rendered lessons/main.html.erb within layouts/application (0.2ms)
  [1m[35mUser Load (0.2ms)[0m  SELECT  "users".* FROM "users" WHERE "users"."id" = ? LIMIT 1  [["id", 2]]
Completed 200 OK in 136ms (Views: 135.0ms | ActiveRecord: 0.2ms)


Started GET "/" for ::1 at 2015-11-12 18:42:58 -0500
Processing by LessonsController#main as HTML
  Rendered lessons/main.html.erb within layouts/application (0.2ms)
  [1m[36mUser Load (0.2ms)[0m  [1mSELECT  "users".* FROM "users" WHERE "users"."id" = ? LIMIT 1[0m  [["id", 2]]
Completed 200 OK in 182ms (Views: 181.4ms | ActiveRecord: 0.2ms)


Started GET "/assets/material-fullpalette.min.css.map" for ::1 at 2015-11-12 18:42:59 -0500

ActionController::RoutingError (No route matches [GET] "/assets/material-fullpalette.min.css.map"):
  actionpack (4.2.4) lib/action_dispatch/middleware/debug_exceptions.rb:21:in `call'
  web-console (2.2.1) lib/web_console/middleware.rb:39:in `call'
  actionpack (4.2.4) lib/action_dispatch/middleware/show_exceptions.rb:30:in `call'
  railties (4.2.4) lib/rails/rack/logger.rb:38:in `call_app'
  railties (4.2.4) lib/rails/rack/logger.rb:20:in `block in call'
  activesupport (4.2.4) lib/active_support/tagged_logging.rb:68:in `block in tagged'
  activesupport (4.2.4) lib/active_support/tagged_logging.rb:26:in `tagged'
  activesupport (4.2.4) lib/active_support/tagged_logging.rb:68:in `tagged'
  railties (4.2.4) lib/rails/rack/logger.rb:20:in `call'
  actionpack (4.2.4) lib/action_dispatch/middleware/request_id.rb:21:in `call'
  rack (1.6.4) lib/rack/methodoverride.rb:22:in `call'
  rack (1.6.4) lib/rack/runtime.rb:18:in `call'
  activesupport (4.2.4) lib/active_support/cache/strategy/local_cache_middleware.rb:28:in `call'
  rack (1.6.4) lib/rack/lock.rb:17:in `call'
  actionpack (4.2.4) lib/action_dispatch/middleware/static.rb:116:in `call'
  rack (1.6.4) lib/rack/sendfile.rb:113:in `call'
  railties (4.2.4) lib/rails/engine.rb:518:in `call'
  railties (4.2.4) lib/rails/application.rb:165:in `call'
  rack (1.6.4) lib/rack/lock.rb:17:in `call'
  rack (1.6.4) lib/rack/content_length.rb:15:in `call'
  rack (1.6.4) lib/rack/handler/webrick.rb:88:in `service'
  /usr/local/Cellar/ruby/2.2.3/lib/ruby/2.2.0/webrick/httpserver.rb:138:in `service'
  /usr/local/Cellar/ruby/2.2.3/lib/ruby/2.2.0/webrick/httpserver.rb:94:in `run'
  /usr/local/Cellar/ruby/2.2.3/lib/ruby/2.2.0/webrick/server.rb:294:in `block in start_thread'


  Rendered /usr/local/lib/ruby/gems/2.2.0/gems/actionpack-4.2.4/lib/action_dispatch/middleware/templates/rescues/_trace.html.erb (3.4ms)
  Rendered /usr/local/lib/ruby/gems/2.2.0/gems/actionpack-4.2.4/lib/action_dispatch/middleware/templates/routes/_route.html.erb (4.2ms)
  Rendered /usr/local/lib/ruby/gems/2.2.0/gems/actionpack-4.2.4/lib/action_dispatch/middleware/templates/routes/_table.html.erb (1.9ms)
  Rendered /usr/local/lib/ruby/gems/2.2.0/gems/actionpack-4.2.4/lib/action_dispatch/middleware/templates/rescues/_request_and_response.html.erb (2.1ms)
  Rendered /usr/local/lib/ruby/gems/2.2.0/gems/actionpack-4.2.4/lib/action_dispatch/middleware/templates/rescues/routing_error.html.erb within rescues/layout (139.8ms)
  Rendered /usr/local/lib/ruby/gems/2.2.0/gems/web-console-2.2.1/lib/web_console/templates/_markup.html.erb (0.6ms)
  Rendered /usr/local/lib/ruby/gems/2.2.0/gems/web-console-2.2.1/lib/web_console/templates/_inner_console_markup.html.erb within layouts/inlined_string (0.4ms)
  Rendered /usr/local/lib/ruby/gems/2.2.0/gems/web-console-2.2.1/lib/web_console/templates/_prompt_box_markup.html.erb within layouts/inlined_string (0.4ms)
  Rendered /usr/local/lib/ruby/gems/2.2.0/gems/web-console-2.2.1/lib/web_console/templates/style.css.erb within layouts/inlined_string (0.5ms)
  Rendered /usr/local/lib/ruby/gems/2.2.0/gems/web-console-2.2.1/lib/web_console/templates/console.js.erb within layouts/javascript (97.7ms)
  Rendered /usr/local/lib/ruby/gems/2.2.0/gems/web-console-2.2.1/lib/web_console/templates/main.js.erb within layouts/javascript (0.4ms)
  Rendered /usr/local/lib/ruby/gems/2.2.0/gems/web-console-2.2.1/lib/web_console/templates/error_page.js.erb within layouts/javascript (0.6ms)
  Rendered /usr/local/lib/ruby/gems/2.2.0/gems/web-console-2.2.1/lib/web_console/templates/index.html.erb (220.7ms)


Started GET "/lessons/raspi" for ::1 at 2015-11-12 18:44:31 -0500
Processing by LessonsController#raspi as HTML
  Rendered lessons/raspi.html.erb within layouts/application (6.3ms)
  [1m[35mUser Load (0.3ms)[0m  SELECT  "users".* FROM "users" WHERE "users"."id" = ? LIMIT 1  [["id", 2]]
Completed 200 OK in 392ms (Views: 382.2ms | ActiveRecord: 0.3ms)


Started GET "/lessons/dragndrop" for ::1 at 2015-11-12 18:44:33 -0500
Processing by LessonsController#dragndrop as HTML
  Rendered lessons/dragndrop.html.erb within layouts/application (425.0ms)
  [1m[36mUser Load (0.1ms)[0m  [1mSELECT  "users".* FROM "users" WHERE "users"."id" = ? LIMIT 1[0m  [["id", 2]]
Completed 200 OK in 616ms (Views: 615.5ms | ActiveRecord: 0.1ms)


Started GET "/assets/real-microusb-fa5bcb55c6aea1232ae5b7169ba66587a3dfae7af2bdb421856bb2fac41e8cb9.jpg" for ::1 at 2015-11-12 18:44:42 -0500


Started GET "/assets/real-videoaudio-bd83e50900da44b1da7d57cd87104a1aba21c4960ba22248851db9ad102f31ef.jpg" for ::1 at 2015-11-12 18:44:44 -0500


Started GET "/assets/real-cameracsi-4f84112fc1494f8ce161fc39e4760add573c5761899baae91d4d916eb7325e18.jpg" for ::1 at 2015-11-12 18:44:52 -0500


Started GET "/lessons/materials" for ::1 at 2015-11-12 18:45:03 -0500
Processing by LessonsController#materials as HTML
  Rendered lessons/materials.html.erb within layouts/application (1.7ms)
  [1m[35mUser Load (0.2ms)[0m  SELECT  "users".* FROM "users" WHERE "users"."id" = ? LIMIT 1  [["id", 2]]
Completed 200 OK in 223ms (Views: 221.4ms | ActiveRecord: 0.2ms)


Started GET "/lessons/setup" for ::1 at 2015-11-12 18:45:09 -0500
Processing by LessonsController#setup as HTML
  Rendered lessons/setup.html.erb within layouts/application (0.9ms)
  [1m[36mUser Load (0.2ms)[0m  [1mSELECT  "users".* FROM "users" WHERE "users"."id" = ? LIMIT 1[0m  [["id", 2]]
Completed 200 OK in 196ms (Views: 194.3ms | ActiveRecord: 0.2ms)


Started GET "/" for ::1 at 2015-11-12 18:45:11 -0500
Processing by LessonsController#main as HTML
  Rendered lessons/main.html.erb within layouts/application (0.6ms)
  [1m[35mUser Load (0.1ms)[0m  SELECT  "users".* FROM "users" WHERE "users"."id" = ? LIMIT 1  [["id", 2]]
Completed 200 OK in 179ms (Views: 177.6ms | ActiveRecord: 0.1ms)


Started GET "/" for ::1 at 2015-11-12 18:45:11 -0500
Processing by LessonsController#main as HTML
  Rendered lessons/main.html.erb within layouts/application (0.3ms)
  [1m[36mUser Load (0.1ms)[0m  [1mSELECT  "users".* FROM "users" WHERE "users"."id" = ? LIMIT 1[0m  [["id", 2]]
Completed 200 OK in 180ms (Views: 178.9ms | ActiveRecord: 0.1ms)


Started GET "/" for ::1 at 2015-11-12 18:51:07 -0500
  [1m[36mActiveRecord::SchemaMigration Load (0.8ms)[0m  [1mSELECT "schema_migrations".* FROM "schema_migrations"[0m
Processing by LessonsController#main as HTML
  Rendered lessons/main.html.erb within layouts/application (2.6ms)
  [1m[35mUser Load (0.7ms)[0m  SELECT  "users".* FROM "users" WHERE "users"."id" = ? LIMIT 1  [["id", 2]]
Completed 200 OK in 566ms (Views: 548.9ms | ActiveRecord: 1.1ms)


Started GET "/assets/bootstrap.min.self-6655d1384d1509415d234003e6f81cf5de3d688790aaadc1091aa5bb5795b1f1.css?body=1" for ::1 at 2015-11-12 18:51:08 -0500


Started GET "/assets/checklist.self-6eb21ef6ae7623efed8de7adf8dc61b5ea78c3e14d8cd671e89aa4c51a352dca.css?body=1" for ::1 at 2015-11-12 18:51:08 -0500


Started GET "/assets/dragndrop.self-0f2e0595d54031d3013dc210f0818fbbd65a83c601da7d3f6b671dc53ee9448a.css?body=1" for ::1 at 2015-11-12 18:51:08 -0500


Started GET "/assets/material-fullpalette.min.self-03f978c7080ab405a201cbe55652310c1197c78bf3d2a97b5dedfdcf17b8d128.css?body=1" for ::1 at 2015-11-12 18:51:08 -0500


Started GET "/assets/quizstyles.self-9383a7d4a09d3d098801696d5b2cb92b49af2b82d99e7cf6f1aa736d5ef9e5aa.css?body=1" for ::1 at 2015-11-12 18:51:08 -0500


Started GET "/assets/material.min.self-96cc38d167c4874cb8cbd210e935b3f6deecd26d471e80c7ccb7e5ae26425487.css?body=1" for ::1 at 2015-11-12 18:51:08 -0500


Started GET "/assets/roboto.min.self-51ce5f14f02e3c49043ea413368f2a2fab2d891e2bfcc8168917125df93cd2d8.css?body=1" for ::1 at 2015-11-12 18:51:08 -0500


Started GET "/assets/stylesheet.self-92dac1d7cc2433a3d2a61bc11ebc1fc0f0b0d91e744bbac4cffcc06906da71ad.css?body=1" for ::1 at 2015-11-12 18:51:08 -0500


Started GET "/assets/ripples.min.self-7f8e263578ca058d756a36ad1e8894df12d7a7a8abd936f86674d328f4bb9839.css?body=1" for ::1 at 2015-11-12 18:51:08 -0500


Started GET "/assets/tiles.self-cbe9601f5cd34cc015c7381bcfec3121e59f73d0b05bef3750b6e1a4a24172e2.css?body=1" for ::1 at 2015-11-12 18:51:09 -0500


Started GET "/assets/video.self-a6e7a53a0b2c8a30c806c966019943917a6551434e530eb2f1b339be1e596473.css?body=1" for ::1 at 2015-11-12 18:51:09 -0500


Started GET "/assets/application.self-c4991312985bccd133f1f21ab2f6a5d0129a8416a91037313b14f05d7d2e7dde.css?body=1" for ::1 at 2015-11-12 18:51:09 -0500


Started GET "/assets/jquery.self-d79fb84d36ab15d248e3a22d1a9168c7b526d67e27b9df515f2b1906bbb01089.js?body=1" for ::1 at 2015-11-12 18:51:09 -0500


Started GET "/assets/jquery_ujs.self-d456baa54c1fa6be2ec3711f0a72ddf7a5b2f34a6b4f515f33767d6207b7d4b3.js?body=1" for ::1 at 2015-11-12 18:51:09 -0500


Started GET "/assets/checklist.self-a114d19683550ebd0a7f4bddf86d94429041d70c7ead7fb7306fab6112a9535c.js?body=1" for ::1 at 2015-11-12 18:51:09 -0500


Started GET "/assets/dragndrop.self-a95ca24f4c91fb743108cd8625b33d404a11c2c9c89ce5125d0e35f886391a85.js?body=1" for ::1 at 2015-11-12 18:51:09 -0500


Started GET "/assets/init.self-299fc933b38b8e51b6acf17abbbacc7810e8c78e93f1f300fba66e4a25f4955f.js?body=1" for ::1 at 2015-11-12 18:51:09 -0500


Started GET "/assets/jquery-ui.min.self-da042190fd2c6afb49fa4e0a1581f1a2ad3431cd22093fd906af1cd1a13849ac.js?body=1" for ::1 at 2015-11-12 18:51:09 -0500


Started GET "/assets/turbolinks.self-c37727e9bd6b2735da5c311aa83fead54ed0be6cc8bd9a65309e9c5abe2cbfff.js?body=1" for ::1 at 2015-11-12 18:51:09 -0500


Started GET "/assets/jquery.quiz.self-2e1a91fea3e30b87b9a2e321c9d09e3523692e12ae60bac882603589855a45d4.js?body=1" for ::1 at 2015-11-12 18:51:09 -0500


Started GET "/assets/ripples.min.self-013cb869e894c4b737da10d1aac26a3c6bc69c228eb74dea15d9fc80812259d4.js?body=1" for ::1 at 2015-11-12 18:51:09 -0500


Started GET "/assets/material.min.self-316246396cd395e4aa94c834668efeadee696ad2a32a430124df182aa5a69aff.js?body=1" for ::1 at 2015-11-12 18:51:09 -0500


Started GET "/assets/application.self-3b8dabdc891efe46b9a144b400ad69e37d7e5876bdc39dee783419a69d7ca819.js?body=1" for ::1 at 2015-11-12 18:51:09 -0500


Started GET "/assets/tiles.self-213a257bf4b8542e1afdcd16c0b7373cbd2e8e2994c712677e0382485c0ba05c.js?body=1" for ::1 at 2015-11-12 18:51:09 -0500


Started GET "/assets/material-fullpalette.min.css.map" for ::1 at 2015-11-12 18:51:09 -0500

ActionController::RoutingError (No route matches [GET] "/assets/material-fullpalette.min.css.map"):
  actionpack (4.2.4) lib/action_dispatch/middleware/debug_exceptions.rb:21:in `call'
  web-console (2.2.1) lib/web_console/middleware.rb:39:in `call'
  actionpack (4.2.4) lib/action_dispatch/middleware/show_exceptions.rb:30:in `call'
  railties (4.2.4) lib/rails/rack/logger.rb:38:in `call_app'
  railties (4.2.4) lib/rails/rack/logger.rb:20:in `block in call'
  activesupport (4.2.4) lib/active_support/tagged_logging.rb:68:in `block in tagged'
  activesupport (4.2.4) lib/active_support/tagged_logging.rb:26:in `tagged'
  activesupport (4.2.4) lib/active_support/tagged_logging.rb:68:in `tagged'
  railties (4.2.4) lib/rails/rack/logger.rb:20:in `call'
  actionpack (4.2.4) lib/action_dispatch/middleware/request_id.rb:21:in `call'
  rack (1.6.4) lib/rack/methodoverride.rb:22:in `call'
  rack (1.6.4) lib/rack/runtime.rb:18:in `call'
  activesupport (4.2.4) lib/active_support/cache/strategy/local_cache_middleware.rb:28:in `call'
  rack (1.6.4) lib/rack/lock.rb:17:in `call'
  actionpack (4.2.4) lib/action_dispatch/middleware/static.rb:116:in `call'
  rack (1.6.4) lib/rack/sendfile.rb:113:in `call'
  railties (4.2.4) lib/rails/engine.rb:518:in `call'
  railties (4.2.4) lib/rails/application.rb:165:in `call'
  rack (1.6.4) lib/rack/lock.rb:17:in `call'
  rack (1.6.4) lib/rack/content_length.rb:15:in `call'
  rack (1.6.4) lib/rack/handler/webrick.rb:88:in `service'
  /usr/local/Cellar/ruby/2.2.3/lib/ruby/2.2.0/webrick/httpserver.rb:138:in `service'
  /usr/local/Cellar/ruby/2.2.3/lib/ruby/2.2.0/webrick/httpserver.rb:94:in `run'
  /usr/local/Cellar/ruby/2.2.3/lib/ruby/2.2.0/webrick/server.rb:294:in `block in start_thread'


  Rendered /usr/local/lib/ruby/gems/2.2.0/gems/actionpack-4.2.4/lib/action_dispatch/middleware/templates/rescues/_trace.html.erb (3.1ms)
  Rendered /usr/local/lib/ruby/gems/2.2.0/gems/actionpack-4.2.4/lib/action_dispatch/middleware/templates/routes/_route.html.erb (5.5ms)
  Rendered /usr/local/lib/ruby/gems/2.2.0/gems/actionpack-4.2.4/lib/action_dispatch/middleware/templates/routes/_table.html.erb (15.8ms)
  Rendered /usr/local/lib/ruby/gems/2.2.0/gems/actionpack-4.2.4/lib/action_dispatch/middleware/templates/rescues/_request_and_response.html.erb (2.8ms)
  Rendered /usr/local/lib/ruby/gems/2.2.0/gems/actionpack-4.2.4/lib/action_dispatch/middleware/templates/rescues/routing_error.html.erb within rescues/layout (183.4ms)
  Rendered /usr/local/lib/ruby/gems/2.2.0/gems/web-console-2.2.1/lib/web_console/templates/_markup.html.erb (0.4ms)
  Rendered /usr/local/lib/ruby/gems/2.2.0/gems/web-console-2.2.1/lib/web_console/templates/_inner_console_markup.html.erb within layouts/inlined_string (0.4ms)
  Rendered /usr/local/lib/ruby/gems/2.2.0/gems/web-console-2.2.1/lib/web_console/templates/_prompt_box_markup.html.erb within layouts/inlined_string (0.6ms)
  Rendered /usr/local/lib/ruby/gems/2.2.0/gems/web-console-2.2.1/lib/web_console/templates/style.css.erb within layouts/inlined_string (0.7ms)
  Rendered /usr/local/lib/ruby/gems/2.2.0/gems/web-console-2.2.1/lib/web_console/templates/console.js.erb within layouts/javascript (102.2ms)
  Rendered /usr/local/lib/ruby/gems/2.2.0/gems/web-console-2.2.1/lib/web_console/templates/main.js.erb within layouts/javascript (0.5ms)
  Rendered /usr/local/lib/ruby/gems/2.2.0/gems/web-console-2.2.1/lib/web_console/templates/error_page.js.erb within layouts/javascript (0.5ms)
  Rendered /usr/local/lib/ruby/gems/2.2.0/gems/web-console-2.2.1/lib/web_console/templates/index.html.erb (222.9ms)


Started GET "/" for ::1 at 2015-11-12 18:51:10 -0500
Processing by LessonsController#main as HTML
  Rendered lessons/main.html.erb within layouts/application (0.5ms)
  [1m[36mUser Load (0.2ms)[0m  [1mSELECT  "users".* FROM "users" WHERE "users"."id" = ? LIMIT 1[0m  [["id", 2]]
Completed 200 OK in 239ms (Views: 238.0ms | ActiveRecord: 0.2ms)


Started GET "/" for ::1 at 2015-11-12 18:55:16 -0500
Processing by LessonsController#main as HTML
  Rendered lessons/main.html.erb within layouts/application (1.3ms)
  [1m[35mUser Load (0.7ms)[0m  SELECT  "users".* FROM "users" WHERE "users"."id" = ? LIMIT 1  [["id", 2]]
Completed 200 OK in 222ms (Views: 216.1ms | ActiveRecord: 1.3ms)


Started GET "/assets/dragndrop.self-0f2e0595d54031d3013dc210f0818fbbd65a83c601da7d3f6b671dc53ee9448a.css?body=1" for ::1 at 2015-11-12 18:55:17 -0500


Started GET "/assets/bootstrap.min.self-6655d1384d1509415d234003e6f81cf5de3d688790aaadc1091aa5bb5795b1f1.css?body=1" for ::1 at 2015-11-12 18:55:17 -0500


Started GET "/assets/checklist.self-6eb21ef6ae7623efed8de7adf8dc61b5ea78c3e14d8cd671e89aa4c51a352dca.css?body=1" for ::1 at 2015-11-12 18:55:17 -0500


Started GET "/assets/material.min.self-96cc38d167c4874cb8cbd210e935b3f6deecd26d471e80c7ccb7e5ae26425487.css?body=1" for ::1 at 2015-11-12 18:55:17 -0500


Started GET "/assets/quizstyles.self-9383a7d4a09d3d098801696d5b2cb92b49af2b82d99e7cf6f1aa736d5ef9e5aa.css?body=1" for ::1 at 2015-11-12 18:55:17 -0500


Started GET "/assets/material-fullpalette.min.self-03f978c7080ab405a201cbe55652310c1197c78bf3d2a97b5dedfdcf17b8d128.css?body=1" for ::1 at 2015-11-12 18:55:17 -0500


Started GET "/assets/roboto.min.self-51ce5f14f02e3c49043ea413368f2a2fab2d891e2bfcc8168917125df93cd2d8.css?body=1" for ::1 at 2015-11-12 18:55:17 -0500


Started GET "/assets/ripples.min.self-7f8e263578ca058d756a36ad1e8894df12d7a7a8abd936f86674d328f4bb9839.css?body=1" for ::1 at 2015-11-12 18:55:17 -0500


Started GET "/assets/stylesheet.self-92dac1d7cc2433a3d2a61bc11ebc1fc0f0b0d91e744bbac4cffcc06906da71ad.css?body=1" for ::1 at 2015-11-12 18:55:18 -0500


Started GET "/assets/video.self-a6e7a53a0b2c8a30c806c966019943917a6551434e530eb2f1b339be1e596473.css?body=1" for ::1 at 2015-11-12 18:55:18 -0500


Started GET "/assets/application.self-c4991312985bccd133f1f21ab2f6a5d0129a8416a91037313b14f05d7d2e7dde.css?body=1" for ::1 at 2015-11-12 18:55:18 -0500


Started GET "/assets/tiles.self-cbe9601f5cd34cc015c7381bcfec3121e59f73d0b05bef3750b6e1a4a24172e2.css?body=1" for ::1 at 2015-11-12 18:55:18 -0500


Started GET "/assets/jquery.self-d79fb84d36ab15d248e3a22d1a9168c7b526d67e27b9df515f2b1906bbb01089.js?body=1" for ::1 at 2015-11-12 18:55:18 -0500


Started GET "/assets/jquery_ujs.self-d456baa54c1fa6be2ec3711f0a72ddf7a5b2f34a6b4f515f33767d6207b7d4b3.js?body=1" for ::1 at 2015-11-12 18:55:18 -0500


Started GET "/assets/turbolinks.self-c37727e9bd6b2735da5c311aa83fead54ed0be6cc8bd9a65309e9c5abe2cbfff.js?body=1" for ::1 at 2015-11-12 18:55:18 -0500


Started GET "/assets/checklist.self-a114d19683550ebd0a7f4bddf86d94429041d70c7ead7fb7306fab6112a9535c.js?body=1" for ::1 at 2015-11-12 18:55:18 -0500


Started GET "/assets/dragndrop.self-a95ca24f4c91fb743108cd8625b33d404a11c2c9c89ce5125d0e35f886391a85.js?body=1" for ::1 at 2015-11-12 18:55:18 -0500


Started GET "/assets/jquery-ui.min.self-da042190fd2c6afb49fa4e0a1581f1a2ad3431cd22093fd906af1cd1a13849ac.js?body=1" for ::1 at 2015-11-12 18:55:18 -0500


Started GET "/assets/init.self-299fc933b38b8e51b6acf17abbbacc7810e8c78e93f1f300fba66e4a25f4955f.js?body=1" for ::1 at 2015-11-12 18:55:18 -0500


Started GET "/assets/jquery.quiz.self-2e1a91fea3e30b87b9a2e321c9d09e3523692e12ae60bac882603589855a45d4.js?body=1" for ::1 at 2015-11-12 18:55:18 -0500


Started GET "/assets/material.min.self-316246396cd395e4aa94c834668efeadee696ad2a32a430124df182aa5a69aff.js?body=1" for ::1 at 2015-11-12 18:55:18 -0500


Started GET "/assets/ripples.min.self-013cb869e894c4b737da10d1aac26a3c6bc69c228eb74dea15d9fc80812259d4.js?body=1" for ::1 at 2015-11-12 18:55:18 -0500


Started GET "/assets/tiles.self-213a257bf4b8542e1afdcd16c0b7373cbd2e8e2994c712677e0382485c0ba05c.js?body=1" for ::1 at 2015-11-12 18:55:18 -0500


Started GET "/assets/application.self-3b8dabdc891efe46b9a144b400ad69e37d7e5876bdc39dee783419a69d7ca819.js?body=1" for ::1 at 2015-11-12 18:55:18 -0500


Started GET "/" for ::1 at 2015-11-12 18:55:18 -0500
Processing by LessonsController#main as HTML
  Rendered lessons/main.html.erb within layouts/application (0.5ms)
  [1m[36mUser Load (0.2ms)[0m  [1mSELECT  "users".* FROM "users" WHERE "users"."id" = ? LIMIT 1[0m  [["id", 2]]
Completed 200 OK in 197ms (Views: 195.9ms | ActiveRecord: 0.2ms)


Started GET "/forum" for ::1 at 2015-11-12 18:55:20 -0500
Processing by QuestionsController#index as HTML
  [1m[35mUser Load (0.1ms)[0m  SELECT  "users".* FROM "users" WHERE "users"."id" = ? LIMIT 1  [["id", 2]]
  [1m[36mTag Load (0.6ms)[0m  [1mSELECT tags.*, count(taggings.tag_id) as count FROM "tags" INNER JOIN "taggings" ON "taggings"."tag_id" = "tags"."id" GROUP BY taggings.tag_id[0m
  [1m[35mQuestion Load (0.5ms)[0m  SELECT "questions".* FROM "questions"
  [1m[36mUser Load (0.1ms)[0m  [1mSELECT  "users".* FROM "users" WHERE "users"."id" = ? LIMIT 1[0m  [["id", 1]]
  [1m[35mTag Load (0.6ms)[0m  SELECT "tags".* FROM "tags" INNER JOIN "taggings" ON "tags"."id" = "taggings"."tag_id" WHERE "taggings"."question_id" = ?  [["question_id", 1]]
  Rendered questions/index.html.erb within layouts/application (93.3ms)
Completed 200 OK in 313ms (Views: 283.9ms | ActiveRecord: 2.9ms)


Started GET "/" for ::1 at 2015-11-12 18:55:31 -0500
Processing by LessonsController#main as HTML
  Rendered lessons/main.html.erb within layouts/application (0.7ms)
  [1m[36mUser Load (0.2ms)[0m  [1mSELECT  "users".* FROM "users" WHERE "users"."id" = ? LIMIT 1[0m  [["id", 2]]
Completed 200 OK in 148ms (Views: 147.2ms | ActiveRecord: 0.2ms)


Started GET "/" for ::1 at 2015-11-12 18:55:32 -0500
Processing by LessonsController#main as HTML
  Rendered lessons/main.html.erb within layouts/application (0.4ms)
  [1m[35mUser Load (0.1ms)[0m  SELECT  "users".* FROM "users" WHERE "users"."id" = ? LIMIT 1  [["id", 2]]
Completed 200 OK in 175ms (Views: 170.8ms | ActiveRecord: 0.1ms)
